# Logfile created on 2011-05-20 08:55:01 -0500 by logger.rb/25413
I, [2011-05-20T08:55:02.472647 #3597]  INFO -- : removing all players
I, [2011-05-20T08:55:02.473108 #3597]  INFO -- : loading all players
I, [2011-05-20T08:55:02.473347 #3597]  INFO -- : number of players: 2
I, [2011-05-20T08:55:02.741285 #3597]  INFO -- : removing all weapons
I, [2011-05-20T08:55:02.742253 #3597]  INFO -- : loading all weapons
I, [2011-05-20T08:55:03.055163 #3597]  INFO -- :  - processing 1 out of 1
D, [2011-05-20T08:55:03.061823 #3597] DEBUG -- :    checking service tag: tag_1
D, [2011-05-20T08:55:03.061934 #3597] DEBUG -- :    valid: true
D, [2011-05-20T08:55:03.062664 #3597] DEBUG -- :    checking service tag: tag_2
D, [2011-05-20T08:55:03.062715 #3597] DEBUG -- :    valid: true
D, [2011-05-20T08:55:03.063289 #3597] DEBUG -- :    checking service tag: tag_3
D, [2011-05-20T08:55:03.063339 #3597] DEBUG -- :    valid: false
I, [2011-05-20T08:55:27.276632 #3621]  INFO -- : removing all players
I, [2011-05-20T08:55:27.276985 #3621]  INFO -- : loading all players
I, [2011-05-20T08:55:27.277207 #3621]  INFO -- : number of players: 2
I, [2011-05-20T08:55:27.570145 #3621]  INFO -- : removing all weapons
I, [2011-05-20T08:55:27.571213 #3621]  INFO -- : loading all weapons
I, [2011-05-20T08:55:27.895199 #3621]  INFO -- :  - processing 1 out of 1
D, [2011-05-20T08:55:27.901821 #3621] DEBUG -- :    checking service tag: tag_1
D, [2011-05-20T08:55:27.901931 #3621] DEBUG -- :    valid: true
D, [2011-05-20T08:55:27.902654 #3621] DEBUG -- :    checking service tag: tag_2
D, [2011-05-20T08:55:27.902705 #3621] DEBUG -- :    valid: true
D, [2011-05-20T08:55:27.903280 #3621] DEBUG -- :    checking service tag: tag_3
D, [2011-05-20T08:55:27.903329 #3621] DEBUG -- :    valid: false
I, [2011-05-20T08:56:09.510581 #3644]  INFO -- : removing all players
I, [2011-05-20T08:56:09.511160 #3644]  INFO -- : loading all players
I, [2011-05-20T08:56:09.511533 #3644]  INFO -- : number of players: 2
I, [2011-05-20T08:56:09.794744 #3644]  INFO -- : removing all weapons
I, [2011-05-20T08:56:09.795854 #3644]  INFO -- : loading all weapons
I, [2011-05-20T08:56:10.149457 #3644]  INFO -- :  - processing 1 out of 1
D, [2011-05-20T08:56:10.425176 #3644] DEBUG -- :    checking service tag: tag_1
D, [2011-05-20T08:56:10.425404 #3644] DEBUG -- :    valid: true
D, [2011-05-20T08:56:10.427315 #3644] DEBUG -- :    checking service tag: tag_2
D, [2011-05-20T08:56:10.427461 #3644] DEBUG -- :    valid: true
D, [2011-05-20T08:56:10.428887 #3644] DEBUG -- :    checking service tag: tag_3
D, [2011-05-20T08:56:10.428941 #3644] DEBUG -- :    valid: false
I, [2011-05-21T07:23:05.384067 #4702]  INFO -- : removing all players
I, [2011-05-21T07:23:05.384958 #4702]  INFO -- : loading all players
I, [2011-05-21T07:23:05.385321 #4702]  INFO -- : number of players: 2
I, [2011-05-21T07:23:05.665046 #4702]  INFO -- : removing all weapons
I, [2011-05-21T07:23:05.665956 #4702]  INFO -- : loading all weapons
I, [2011-05-21T07:23:06.067314 #4702]  INFO -- :  - processing 1 out of 1
D, [2011-05-21T07:23:06.473306 #4702] DEBUG -- :    checking service tag: tag_1
D, [2011-05-21T07:23:06.473557 #4702] DEBUG -- :    valid: true
D, [2011-05-21T07:23:06.475521 #4702] DEBUG -- :    checking service tag: tag_2
D, [2011-05-21T07:23:06.475665 #4702] DEBUG -- :    valid: true
D, [2011-05-21T07:23:06.477372 #4702] DEBUG -- :    checking service tag: tag_3
D, [2011-05-21T07:23:06.477512 #4702] DEBUG -- :    valid: false
I, [2011-05-21T07:23:51.107384 #4747]  INFO -- : removing all players
I, [2011-05-21T07:23:51.107742 #4747]  INFO -- : loading all players
I, [2011-05-21T07:23:51.107891 #4747]  INFO -- : number of players: 2
I, [2011-05-21T07:23:51.411528 #4747]  INFO -- : removing all weapons
I, [2011-05-21T07:23:51.412428 #4747]  INFO -- : loading all weapons
I, [2011-05-21T07:23:51.743913 #4747]  INFO -- :  - processing 1 out of 1
D, [2011-05-21T07:23:52.009664 #4747] DEBUG -- :    checking service tag: tag_1
D, [2011-05-21T07:23:52.009911 #4747] DEBUG -- :    valid: true
D, [2011-05-21T07:23:52.012234 #4747] DEBUG -- :    checking service tag: tag_2
D, [2011-05-21T07:23:52.012462 #4747] DEBUG -- :    valid: true
D, [2011-05-21T07:23:52.014360 #4747] DEBUG -- :    checking service tag: tag_3
D, [2011-05-21T07:23:52.014528 #4747] DEBUG -- :    valid: false
I, [2011-05-21T07:25:07.207503 #4819]  INFO -- : removing all players
I, [2011-05-21T07:25:07.208341 #4819]  INFO -- : loading all players
I, [2011-05-21T07:25:07.208718 #4819]  INFO -- : number of players: 2
I, [2011-05-21T07:25:07.477300 #4819]  INFO -- : removing all weapons
I, [2011-05-21T07:25:07.478168 #4819]  INFO -- : loading all weapons
I, [2011-05-21T07:25:07.820664 #4819]  INFO -- :  - processing 1 out of 1
D, [2011-05-21T07:25:08.052348 #4819] DEBUG -- :    checking service tag: tag_1
D, [2011-05-21T07:25:08.052584 #4819] DEBUG -- :    valid: true
D, [2011-05-21T07:25:08.054513 #4819] DEBUG -- :    checking service tag: tag_2
D, [2011-05-21T07:25:08.054665 #4819] DEBUG -- :    valid: true
D, [2011-05-21T07:25:08.056334 #4819] DEBUG -- :    checking service tag: tag_3
D, [2011-05-21T07:25:08.056473 #4819] DEBUG -- :    valid: false
I, [2011-05-21T07:25:46.711106 #4855]  INFO -- : removing all players
I, [2011-05-21T07:25:46.711455 #4855]  INFO -- : loading all players
I, [2011-05-21T07:25:46.711636 #4855]  INFO -- : number of players: 2
I, [2011-05-21T07:25:47.036697 #4855]  INFO -- : removing all weapons
I, [2011-05-21T07:25:47.037625 #4855]  INFO -- : loading all weapons
I, [2011-05-21T07:25:47.366464 #4855]  INFO -- :  - processing 1 out of 1
D, [2011-05-21T07:25:47.678624 #4855] DEBUG -- :    checking service tag: tag_1
D, [2011-05-21T07:25:47.678863 #4855] DEBUG -- :    valid: true
D, [2011-05-21T07:25:47.710921 #4855] DEBUG -- :    checking service tag: tag_2
D, [2011-05-21T07:25:47.711068 #4855] DEBUG -- :    valid: true
D, [2011-05-21T07:25:47.711784 #4855] DEBUG -- :    checking service tag: tag_3
D, [2011-05-21T07:25:47.711837 #4855] DEBUG -- :    valid: false
I, [2011-05-21T07:26:16.316489 #4886]  INFO -- : removing all players
I, [2011-05-21T07:26:16.317318 #4886]  INFO -- : loading all players
I, [2011-05-21T07:26:16.317699 #4886]  INFO -- : number of players: 2
I, [2011-05-21T07:26:16.641850 #4886]  INFO -- : removing all weapons
I, [2011-05-21T07:26:16.642874 #4886]  INFO -- : loading all weapons
I, [2011-05-21T07:26:17.037988 #4886]  INFO -- :  - processing 1 out of 1
D, [2011-05-21T07:26:17.327828 #4886] DEBUG -- :    checking service tag: tag_1
D, [2011-05-21T07:26:17.328065 #4886] DEBUG -- :    valid: true
D, [2011-05-21T07:26:17.329976 #4886] DEBUG -- :    checking service tag: tag_2
D, [2011-05-21T07:26:17.330119 #4886] DEBUG -- :    valid: true
D, [2011-05-21T07:26:17.331801 #4886] DEBUG -- :    checking service tag: tag_3
D, [2011-05-21T07:26:17.331941 #4886] DEBUG -- :    valid: false
D, [2011-05-21T07:28:02.809708 #4917] DEBUG -- :    checking service tag: tag_1
D, [2011-05-21T07:28:02.809856 #4917] DEBUG -- :    valid: true
D, [2011-05-21T07:28:40.714048 #4952] DEBUG -- :    checking service tag: tag_1
D, [2011-05-21T07:28:40.714196 #4952] DEBUG -- :    valid: true
I, [2011-05-21T07:29:16.079768 #4983]  INFO -- : removing all players
I, [2011-05-21T07:29:16.080119 #4983]  INFO -- : loading all players
I, [2011-05-21T07:29:16.080261 #4983]  INFO -- : number of players: 2
I, [2011-05-21T07:29:16.317032 #4983]  INFO -- : removing all weapons
I, [2011-05-21T07:29:16.317887 #4983]  INFO -- : loading all weapons
I, [2011-05-21T07:29:16.651097 #4983]  INFO -- :  - processing 1 out of 1
D, [2011-05-21T07:29:16.925219 #4983] DEBUG -- :    checking service tag: tag_1
D, [2011-05-21T07:29:16.925456 #4983] DEBUG -- :    valid: true
D, [2011-05-21T07:29:16.927483 #4983] DEBUG -- :    checking service tag: tag_2
D, [2011-05-21T07:29:16.927631 #4983] DEBUG -- :    valid: true
D, [2011-05-21T07:29:16.929282 #4983] DEBUG -- :    checking service tag: tag_3
D, [2011-05-21T07:29:16.929416 #4983] DEBUG -- :    valid: false
I, [2011-05-21T07:30:12.929022 #5022]  INFO -- : removing all players
I, [2011-05-21T07:30:12.929370 #5022]  INFO -- : loading all players
I, [2011-05-21T07:30:12.929507 #5022]  INFO -- : number of players: 2
I, [2011-05-21T07:30:13.227775 #5022]  INFO -- : removing all weapons
I, [2011-05-21T07:30:13.228613 #5022]  INFO -- : loading all weapons
D, [2011-05-21T07:30:13.506560 #5022] DEBUG -- :    checking service tag: tag_1
D, [2011-05-21T07:30:13.506675 #5022] DEBUG -- :    valid: true
D, [2011-05-21T07:30:13.533517 #5022] DEBUG -- :    checking service tag: tag_2
D, [2011-05-21T07:30:13.533793 #5022] DEBUG -- :    valid: true
D, [2011-05-21T07:30:13.534492 #5022] DEBUG -- :    checking service tag: tag_3
D, [2011-05-21T07:30:13.534559 #5022] DEBUG -- :    valid: false
I, [2011-05-21T07:31:09.412827 #5048]  INFO -- : removing all players
I, [2011-05-21T07:31:09.413172 #5048]  INFO -- : loading all players
I, [2011-05-21T07:31:09.413311 #5048]  INFO -- : number of players: 2
I, [2011-05-21T07:31:09.717917 #5048]  INFO -- : removing all weapons
I, [2011-05-21T07:31:09.718858 #5048]  INFO -- : loading all weapons
D, [2011-05-21T07:31:10.051208 #5048] DEBUG -- :    checking service tag: tag_1
D, [2011-05-21T07:31:10.051511 #5048] DEBUG -- :    valid: true
D, [2011-05-21T07:31:10.080155 #5048] DEBUG -- :    checking service tag: tag_2
D, [2011-05-21T07:31:10.080302 #5048] DEBUG -- :    valid: true
D, [2011-05-21T07:31:10.080993 #5048] DEBUG -- :    checking service tag: tag_3
D, [2011-05-21T07:31:10.081046 #5048] DEBUG -- :    valid: false
removing all players
loading all players
number of players: 2
removing all weapons
loading all weapons
 - processing 1 out of 1
   checking service tag: tag_1
   valid: true
   checking service tag: tag_2
   valid: true
   checking service tag: tag_3
   valid: false
removing all players
loading all players
number of players: 2
removing all weapons
loading all weapons
 - processing 1 out of 1
   checking service tag: tag_1
   valid: true
   checking service tag: tag_2
   valid: true
   checking service tag: tag_3
   valid: false
removing all players
loading all players
number of players: 2
removing all weapons
loading all weapons
 - processing 1 out of 1
   checking service tag: tag_1
   valid: true
   checking service tag: tag_2
   valid: true
   checking service tag: tag_3
   valid: false
removing all players
loading all players
number of players: 2
removing all weapons
loading all weapons
 - processing 1 out of 1
   checking service tag: tag_1
   valid: true
   checking service tag: tag_2
   valid: true
   checking service tag: tag_3
   valid: false
removing all players
loading all players
number of players: 2
removing all weapons
loading all weapons
 - processing 1 out of 1
   checking service tag: tag_1
   valid: true
   checking service tag: tag_2
   valid: true
   checking service tag: tag_3
   valid: false
removing all players
loading all players
number of players: 2
removing all weapons
loading all weapons
 - processing 1 out of 1
   checking service tag: tag_1
   valid: true
   checking service tag: tag_2
   valid: true
   checking service tag: tag_3
   valid: false
removing all players
loading all players
number of players: 2
removing all weapons
loading all weapons
removing all players
loading all players
number of players: 2
removing all weapons
loading all weapons
removing all players
loading all players
number of players: 2
removing all weapons
loading all weapons
 - processing 1 out of 1
   checking service tag: tag_1
   valid: true
   checking service tag: tag_2
   valid: true
   checking service tag: tag_3
   valid: false
removing all players
loading all players
number of players: 2
removing all weapons
loading all weapons
 - processing 1 out of 1
   checking service tag: tag_1
   valid: true
   checking service tag: tag_2
   valid: true
   checking service tag: tag_3
   valid: false
